0 info it worked if it ends with ok
1 warn npm npm does not support Node.js v0.10.28
2 warn npm You should probably upgrade to a newer version of node as we
3 warn npm can't make any promises that npm will work with this version.
4 warn npm You can find the latest version at https://nodejs.org/
5 verbose cli [ 'node',
5 verbose cli   'D:\\Study\\Node\\20161216\\node_modules\\npm\\bin\\npm-cli.js',
5 verbose cli   'install',
5 verbose cli   'lclangcheng' ]
6 info using npm@4.0.5
7 info using node@v0.10.28
8 silly loadCurrentTree Starting
9 silly install loadCurrentTree
10 silly install readGlobalPackageData
11 silly fetchPackageMetaData lclangcheng
12 silly fetchNamedPackageData lclangcheng
13 silly mapToRegistry name lclangcheng
14 silly mapToRegistry using default registry
15 silly mapToRegistry registry https://registry.npmjs.org/
16 silly mapToRegistry data { raw: 'lclangcheng',
16 silly mapToRegistry   scope: null,
16 silly mapToRegistry   escapedName: 'lclangcheng',
16 silly mapToRegistry   name: 'lclangcheng',
16 silly mapToRegistry   rawSpec: '',
16 silly mapToRegistry   spec: 'latest',
16 silly mapToRegistry   type: 'tag' }
17 silly mapToRegistry uri https://registry.npmjs.org/lclangcheng
18 verbose request uri https://registry.npmjs.org/lclangcheng
19 verbose request no auth needed
20 info attempt registry request try #1 at 14:04:33
21 verbose request using bearer token for auth
22 verbose request id b984ab5402d4b5fa
23 http request GET https://registry.npmjs.org/lclangcheng
24 http 200 https://registry.npmjs.org/lclangcheng
25 verbose headers { server: 'nginx/1.10.1',
25 verbose headers   'content-type': 'application/json',
25 verbose headers   'last-modified': 'Fri, 16 Dec 2016 06:04:54 GMT',
25 verbose headers   etag: 'W/"58538406-5a8"',
25 verbose headers   'content-encoding': 'gzip',
25 verbose headers   'cache-control': 'max-age=300',
25 verbose headers   'transfer-encoding': 'chunked',
25 verbose headers   'accept-ranges': 'bytes',
25 verbose headers   date: 'Fri, 16 Dec 2016 06:05:52 GMT',
25 verbose headers   via: '1.1 varnish',
25 verbose headers   connection: 'keep-alive',
25 verbose headers   'x-served-by': 'cache-itm7424-ITM',
25 verbose headers   'x-cache': 'MISS',
25 verbose headers   'x-cache-hits': '0',
25 verbose headers   'x-timer': 'S1481868352.375293,VS0,VE137',
25 verbose headers   vary: 'Accept-Encoding' }
26 silly get cb [ 200,
26 silly get   { server: 'nginx/1.10.1',
26 silly get     'content-type': 'application/json',
26 silly get     'last-modified': 'Fri, 16 Dec 2016 06:04:54 GMT',
26 silly get     etag: 'W/"58538406-5a8"',
26 silly get     'content-encoding': 'gzip',
26 silly get     'cache-control': 'max-age=300',
26 silly get     'transfer-encoding': 'chunked',
26 silly get     'accept-ranges': 'bytes',
26 silly get     date: 'Fri, 16 Dec 2016 06:05:52 GMT',
26 silly get     via: '1.1 varnish',
26 silly get     connection: 'keep-alive',
26 silly get     'x-served-by': 'cache-itm7424-ITM',
26 silly get     'x-cache': 'MISS',
26 silly get     'x-cache-hits': '0',
26 silly get     'x-timer': 'S1481868352.375293,VS0,VE137',
26 silly get     vary: 'Accept-Encoding' } ]
27 verbose get saving lclangcheng to C:\Users\lai_lc\AppData\Roaming\npm-cache\registry.npmjs.org\lclangcheng\.cache.json
28 verbose correctMkdir C:\Users\lai_lc\AppData\Roaming\npm-cache correctMkdir not in flight; initializing
29 silly install normalizeTree
30 silly loadCurrentTree Finishing
31 silly loadIdealTree Starting
32 silly install loadIdealTree
33 silly cloneCurrentTree Starting
34 silly install cloneCurrentTreeToIdealTree
35 silly cloneCurrentTree Finishing
36 silly loadShrinkwrap Starting
37 silly install loadShrinkwrap
38 silly loadShrinkwrap Finishing
39 silly loadAllDepsIntoIdealTree Starting
40 silly install loadAllDepsIntoIdealTree
41 silly rollbackFailedOptional Starting
42 silly rollbackFailedOptional Finishing
43 silly runTopLevelLifecycles Finishing
44 silly install printInstalled
45 verbose stack Error: Refusing to install package with name "lclangcheng" under a package
45 verbose stack also called "lclangcheng". Did you name your project the same
45 verbose stack as the dependency you're installing?
45 verbose stack
45 verbose stack For more information, see:
45 verbose stack     <https://docs.npmjs.com/cli/install#limitations-of-npms-install-algorithm>
45 verbose stack     at checkSelf (D:\Study\Node\20161216\node_modules\npm\lib\install\validate-args.js:53:14)
45 verbose stack     at Array.0 (D:\Study\Node\20161216\node_modules\npm\node_modules\slide\lib\bind-actor.js:15:8)
45 verbose stack     at LOOP (D:\Study\Node\20161216\node_modules\npm\node_modules\slide\lib\chain.js:15:14)
45 verbose stack     at chain (D:\Study\Node\20161216\node_modules\npm\node_modules\slide\lib\chain.js:20:5)
45 verbose stack     at D:\Study\Node\20161216\node_modules\npm\lib\install\validate-args.js:16:5
45 verbose stack     at D:\Study\Node\20161216\node_modules\npm\node_modules\slide\lib\async-map.js:52:35
45 verbose stack     at Array.forEach (native)
45 verbose stack     at D:\Study\Node\20161216\node_modules\npm\node_modules\slide\lib\async-map.js:52:11
45 verbose stack     at Array.forEach (native)
45 verbose stack     at asyncMap (D:\Study\Node\20161216\node_modules\npm\node_modules\slide\lib\async-map.js:51:8)
46 verbose cwd D:\Study\Node\20161216
47 error Windows_NT 6.1.7601
48 error argv "node" "D:\\Study\\Node\\20161216\\node_modules\\npm\\bin\\npm-cli.js" "install" "lclangcheng"
49 error node v0.10.28
50 error npm  v4.0.5
51 error code ENOSELF
52 error Refusing to install package with name "lclangcheng" under a package
52 error also called "lclangcheng". Did you name your project the same
52 error as the dependency you're installing?
52 error
52 error For more information, see:
52 error     <https://docs.npmjs.com/cli/install#limitations-of-npms-install-algorithm>
53 error If you need help, you may report this error at:
53 error     <https://github.com/npm/npm/issues>
54 verbose exit [ 1, true ]
